<?xml version="1.0" encoding="UTF-8"?>
<!-- Generated by org.testng.reporters.JUnitReportReporter -->
<testsuite hostname="Nithyas-MacBook-Pro.local" name="TestCase" tests="1" failures="0" timestamp="16 Dec 2020 12:26:04 GMT" time="36.898" errors="0">
  <testcase name="test" time="36.898" classname="TestCase"/>
</testsuite> <!-- TestCase -->
