<?xml version="1.0" encoding="UTF-8"?>
<!-- Generated by org.testng.reporters.JUnitReportReporter -->
<testsuite hostname="Nithyas-MacBook-Pro.local" name="TestCase" tests="1" failures="0" timestamp="16 Dec 2020 14:16:08 GMT" time="9.102" errors="0">
  <testcase name="test" time="9.102" classname="TestCase"/>
</testsuite> <!-- TestCase -->
