<?xml version="1.0" encoding="UTF-8"?>
<!-- Generated by org.testng.reporters.JUnitReportReporter -->
<testsuite hostname="Nithyas-MacBook-Pro.local" name="TestCase" tests="1" failures="0" timestamp="16 Dec 2020 14:17:50 GMT" time="10.883" errors="0">
  <testcase name="test" time="10.883" classname="TestCase"/>
</testsuite> <!-- TestCase -->
